2024-08-08 10:55:56,812 - INFO - Initialized CSVToVectorStoreProcessor with parameters: file_path=popularizacao_da_ciencia.csv, chunk_size=1000, chunk_overlap=200, model_name=nomic-embed-text, distance_strategy=EUCLIDEAN_DISTANCE, index_path=popularizacao_da_ciencia_EUCLIDEAN_DISTANCE_index
2024-08-08 10:55:56,812 - INFO - Starting processing.
2024-08-08 10:55:56,812 - INFO - Loading documents from CSV file.
2024-08-08 10:55:56,813 - INFO - Splitting text into chunks.
2024-08-08 10:55:56,814 - INFO - Creating vector store.
2024-08-08 10:56:44,334 - INFO - Saving vector store to popularizacao_da_ciencia_EUCLIDEAN_DISTANCE_index
2024-08-08 10:56:44,335 - INFO - Processing completed in 47.52 seconds.
2024-08-08 10:56:44,335 - INFO - Initialized CSVToVectorStoreProcessor with parameters: file_path=popularizacao_da_ciencia.csv, chunk_size=1000, chunk_overlap=200, model_name=nomic-embed-text, distance_strategy=MAX_INNER_PRODUCT, index_path=popularizacao_da_ciencia_MAX_INNER_PRODUCT_index
2024-08-08 10:56:44,335 - INFO - Starting processing.
2024-08-08 10:56:44,335 - INFO - Loading documents from CSV file.
2024-08-08 10:56:44,336 - INFO - Splitting text into chunks.
2024-08-08 10:56:44,337 - INFO - Creating vector store.
2024-08-08 10:57:31,370 - INFO - Saving vector store to popularizacao_da_ciencia_MAX_INNER_PRODUCT_index
2024-08-08 10:57:31,371 - INFO - Processing completed in 47.04 seconds.
2024-08-08 10:57:31,371 - INFO - Initialized CSVToVectorStoreProcessor with parameters: file_path=popularizacao_da_ciencia.csv, chunk_size=1000, chunk_overlap=200, model_name=nomic-embed-text, distance_strategy=DOT_PRODUCT, index_path=popularizacao_da_ciencia_DOT_PRODUCT_index
2024-08-08 10:57:31,371 - INFO - Starting processing.
2024-08-08 10:57:31,371 - INFO - Loading documents from CSV file.
2024-08-08 10:57:31,372 - INFO - Splitting text into chunks.
2024-08-08 10:57:31,373 - INFO - Creating vector store.
2024-08-08 10:58:18,364 - INFO - Saving vector store to popularizacao_da_ciencia_DOT_PRODUCT_index
2024-08-08 10:58:18,365 - INFO - Processing completed in 46.99 seconds.
2024-08-08 10:58:18,365 - INFO - Initialized CSVToVectorStoreProcessor with parameters: file_path=popularizacao_da_ciencia.csv, chunk_size=1000, chunk_overlap=200, model_name=nomic-embed-text, distance_strategy=JACCARD, index_path=popularizacao_da_ciencia_JACCARD_index
2024-08-08 10:58:18,365 - INFO - Starting processing.
2024-08-08 10:58:18,365 - INFO - Loading documents from CSV file.
2024-08-08 10:58:18,366 - INFO - Splitting text into chunks.
2024-08-08 10:58:18,367 - INFO - Creating vector store.
2024-08-08 10:59:05,358 - INFO - Saving vector store to popularizacao_da_ciencia_JACCARD_index
2024-08-08 10:59:05,359 - INFO - Processing completed in 46.99 seconds.
2024-08-08 10:59:05,359 - INFO - Initialized CSVToVectorStoreProcessor with parameters: file_path=popularizacao_da_ciencia.csv, chunk_size=1000, chunk_overlap=200, model_name=nomic-embed-text, distance_strategy=COSINE, index_path=popularizacao_da_ciencia_COSINE_index
2024-08-08 10:59:05,359 - INFO - Starting processing.
2024-08-08 10:59:05,359 - INFO - Loading documents from CSV file.
2024-08-08 10:59:05,360 - INFO - Splitting text into chunks.
2024-08-08 10:59:05,361 - INFO - Creating vector store.
2024-08-08 10:59:52,569 - INFO - Saving vector store to popularizacao_da_ciencia_COSINE_index
2024-08-08 10:59:52,570 - INFO - Processing completed in 47.21 seconds.
2024-09-02 13:15:23,538 - INFO - Initialized CSVToVectorStoreProcessor with parameters: file_path=iphan-inrc-Identificacao-BemCultural.csv, chunk_size=1000, chunk_overlap=200, model_name=nomic-embed-text, distance_strategy=EUCLIDEAN_DISTANCE, index_path=iphan-inrc-Identificacao-BemCultural_EUCLIDEAN_DISTANCE_index
2024-09-02 13:15:23,539 - INFO - Starting processing.
2024-09-02 13:15:23,539 - INFO - Loading documents from CSV file.
2024-09-02 13:15:23,651 - INFO - Splitting text into chunks.
2024-09-02 13:15:24,480 - INFO - Creating vector store.
2024-09-02 14:24:46,041 - INFO - Initialized DataToVectorStoreProcessor with parameters: source_type=csv, chunk_size=500, chunk_overlap=120, model_name=nomic-embed-text, distance_strategy=MAX_INNER_PRODUCT, index_path=csv_MAX_INNER_PRODUCT_index
2024-09-02 14:24:46,041 - INFO - Starting processing.
2024-09-02 14:24:46,041 - INFO - Loading documents from csv source.
2024-09-02 14:24:46,137 - INFO - Splitting text into chunks.
2024-09-02 14:24:47,124 - INFO - Creating vector store.
2024-09-03 11:12:23,470 - INFO - Initialized DataToVectorStoreProcessor with parameters: source_type=csv, chunk_size=800, chunk_overlap=150, model_name=nomic-embed-text, distance_strategy=MAX_INNER_PRODUCT, index_path=csv_MAX_INNER_PRODUCT_index
2024-09-03 11:12:23,471 - INFO - Starting processing.
2024-09-03 11:12:23,471 - INFO - Loading documents from csv source.
2024-09-03 11:12:23,592 - INFO - Splitting text into chunks.
2024-09-03 11:12:24,541 - INFO - Creating vector store.
2024-09-03 11:18:53,900 - INFO - Initialized DataToVectorStoreProcessor with parameters: source_type=csv, chunk_size=800, chunk_overlap=150, model_name=nomic-embed-text, distance_strategy=MAX_INNER_PRODUCT, index_path=csv_DistanceStrategy.MAX_INNER_PRODUCT_index
2024-09-03 11:18:53,900 - INFO - Starting processing.
2024-09-03 11:18:53,900 - INFO - Loading documents from csv source.
2024-09-03 11:18:53,979 - INFO - Splitting text into chunks.
2024-09-03 11:18:54,676 - INFO - Creating vector store.
2024-09-09 12:38:13,839 - INFO - Initialized DataToVectorStoreProcessor with parameters: source_type=csv, chunk_size=1000, chunk_overlap=200, model_name=nomic-embed-text, distance_strategy=MAX_INNER_PRODUCT, index_path=csv_MAX_INNER_PRODUCT_index
2024-09-09 12:38:13,840 - INFO - Starting processing.
2024-09-09 12:38:13,840 - INFO - Loading documents from csv source.
2024-09-09 12:38:13,952 - INFO - Splitting text into chunks.
2024-09-09 12:38:14,914 - INFO - Creating vector store.
2024-09-09 13:45:16,429 - INFO - Initialized DataToVectorStoreProcessor with parameters: source_type=json, chunk_size=1000, chunk_overlap=200, model_name=nomic-embed-text, distance_strategy=MAX_INNER_PRODUCT, index_path=json_MAX_INNER_PRODUCT_index
2024-09-09 13:45:39,519 - INFO - Initialized DataToVectorStoreProcessor with parameters: source_type=json, chunk_size=1000, chunk_overlap=200, model_name=nomic-embed-text, distance_strategy=MAX_INNER_PRODUCT, index_path=json_MAX_INNER_PRODUCT_index
2024-09-09 13:46:15,546 - INFO - Initialized DataToVectorStoreProcessor with parameters: source_type=json, chunk_size=1000, chunk_overlap=200, model_name=nomic-embed-text, distance_strategy=MAX_INNER_PRODUCT, index_path=json_MAX_INNER_PRODUCT_index
2024-09-09 13:46:34,031 - INFO - Initialized DataToVectorStoreProcessor with parameters: source_type=json, chunk_size=1000, chunk_overlap=200, model_name=nomic-embed-text, distance_strategy=MAX_INNER_PRODUCT, index_path=json_MAX_INNER_PRODUCT_index
2024-09-09 13:46:38,970 - INFO - Starting processing.
2024-09-09 13:46:42,448 - INFO - Loading documents from json source.
2024-09-09 13:47:42,117 - INFO - Initialized DataToVectorStoreProcessor with parameters: source_type=json, chunk_size=1000, chunk_overlap=200, model_name=nomic-embed-text, distance_strategy=MAX_INNER_PRODUCT, index_path=json_MAX_INNER_PRODUCT_index
2024-09-09 13:47:48,357 - INFO - Starting processing.
2024-09-09 13:47:48,358 - INFO - Loading documents from json source.
2024-09-09 13:48:51,546 - INFO - Initialized DataToVectorStoreProcessor with parameters: source_type=json, chunk_size=1000, chunk_overlap=200, model_name=nomic-embed-text, distance_strategy=MAX_INNER_PRODUCT, index_path=json_MAX_INNER_PRODUCT_index
2024-09-09 13:48:56,401 - INFO - Starting processing.
2024-09-09 13:48:56,402 - INFO - Loading documents from json source.
2024-09-09 13:50:37,936 - INFO - Initialized DataToVectorStoreProcessor with parameters: source_type=json, chunk_size=1000, chunk_overlap=200, model_name=nomic-embed-text, distance_strategy=MAX_INNER_PRODUCT, index_path=json_MAX_INNER_PRODUCT_index
2024-09-09 13:50:45,214 - INFO - Starting processing.
2024-09-09 13:50:45,215 - INFO - Loading documents from json source.
2024-09-09 13:51:52,880 - INFO - Initialized DataToVectorStoreProcessor with parameters: source_type=json, chunk_size=1000, chunk_overlap=200, model_name=nomic-embed-text, distance_strategy=MAX_INNER_PRODUCT, index_path=json_MAX_INNER_PRODUCT_index
2024-09-09 13:51:52,881 - INFO - Starting processing.
2024-09-09 13:51:52,881 - INFO - Loading documents from json source.
2024-09-09 13:51:52,894 - INFO - Splitting text into chunks.
2024-09-09 13:51:52,934 - INFO - Creating vector store.
2024-09-09 13:53:55,558 - INFO - Initialized DataToVectorStoreProcessor with parameters: source_type=json, chunk_size=1000, chunk_overlap=200, model_name=nomic-embed-text, distance_strategy=MAX_INNER_PRODUCT, index_path=json_MAX_INNER_PRODUCT_index
2024-09-09 13:53:55,559 - INFO - Starting processing.
2024-09-09 13:53:55,559 - INFO - Loading documents from json source.
2024-09-09 13:53:55,589 - INFO - Splitting text into chunks.
2024-09-09 13:53:55,634 - INFO - Creating vector store.
2024-09-09 14:09:52,951 - INFO - Saving vector store to json_MAX_INNER_PRODUCT_index
2024-09-09 14:09:52,957 - INFO - Processing completed in 957.40 seconds.
2024-09-10 13:59:30,262 - INFO - Initialized DataToVectorStoreProcessor with parameters: source_type=sql, chunk_size=750, chunk_overlap=150, model_name=nomic-embed-text, distance_strategy=MAX_INNER_PRODUCT, index_path=sql_DistanceStrategy.MAX_INNER_PRODUCT_index
2024-09-10 13:59:30,263 - INFO - Starting processing.
2024-09-10 13:59:30,263 - INFO - Loading documents from sql source.
2024-09-10 14:00:11,893 - INFO - Initialized DataToVectorStoreProcessor with parameters: source_type=sql, chunk_size=750, chunk_overlap=150, model_name=nomic-embed-text, distance_strategy=MAX_INNER_PRODUCT, index_path=sql_DistanceStrategy.MAX_INNER_PRODUCT_index
2024-09-10 14:00:11,893 - INFO - Starting processing.
2024-09-10 14:00:11,893 - INFO - Loading documents from sql source.
2024-09-10 14:00:11,893 - INFO - Connecting to MySQL database.
2024-09-10 14:00:11,911 - INFO - Executing query.
2024-09-10 14:00:11,939 - INFO - Fetched 121 rows from the database.
2024-09-10 14:00:11,941 - INFO - MySQL connection closed.
2024-09-10 14:00:11,942 - INFO - Splitting text into chunks.
2024-09-10 14:00:11,960 - INFO - Creating vector store.
2024-09-10 14:06:07,440 - INFO - Initialized DataToVectorStoreProcessor with parameters: source_type=sql, chunk_size=750, chunk_overlap=150, model_name=nomic-embed-text, distance_strategy=MAX_INNER_PRODUCT, index_path=sql_DistanceStrategy.MAX_INNER_PRODUCT_index
2024-09-10 14:06:07,440 - INFO - Starting processing.
2024-09-10 14:06:07,440 - INFO - Loading documents from sql source.
2024-09-10 14:06:07,440 - INFO - Connecting to MySQL database.
2024-09-10 14:06:07,460 - INFO - Executing query.
2024-09-10 14:06:07,492 - INFO - Fetched 121 rows from the database.
2024-09-10 14:06:07,494 - INFO - MySQL connection closed.
2024-09-10 14:06:07,494 - INFO - Splitting text into chunks.
2024-09-10 14:06:07,513 - INFO - Creating vector store.
2024-09-10 14:08:34,490 - INFO - Saving vector store to sql_DistanceStrategy.MAX_INNER_PRODUCT_index
2024-09-10 14:08:34,494 - INFO - Processing completed in 147.05 seconds.
2024-09-11 11:52:37,026 - INFO - Initialized DataToVectorStoreProcessor with parameters: source_type=sql, chunk_size=750, chunk_overlap=150, model_name=nomic-embed-text, distance_strategy=MAX_INNER_PRODUCT, index_path=/home/tathiana/PycharmProjects/MyVecStore/data
2024-09-11 11:52:37,031 - INFO - Starting processing.
2024-09-11 11:52:37,031 - INFO - Loading documents from sql source.
2024-09-11 11:52:37,031 - INFO - Connecting to MySQL database.
2024-09-11 11:54:04,834 - INFO - Initialized DataToVectorStoreProcessor with parameters: source_type=sql, chunk_size=750, chunk_overlap=150, model_name=nomic-embed-text, distance_strategy=MAX_INNER_PRODUCT, index_path=/home/tathiana/PycharmProjects/MyVecStore/data
2024-09-11 11:54:04,834 - INFO - Starting processing.
2024-09-11 11:54:04,834 - INFO - Loading documents from sql source.
2024-09-11 11:54:04,834 - INFO - Connecting to MySQL database.
2024-09-11 11:54:04,867 - INFO - Executing query.
2024-09-11 11:54:04,908 - INFO - Fetched 121 rows from the database.
2024-09-11 11:54:04,910 - INFO - MySQL connection closed.
2024-09-11 11:54:04,910 - INFO - Splitting text into chunks.
2024-09-11 11:54:04,928 - INFO - Creating vector store.
2024-09-11 11:56:21,010 - INFO - Saving vector store to /home/tathiana/PycharmProjects/MyVecStore/data
2024-09-11 11:56:21,014 - INFO - Processing completed in 136.18 seconds.
2024-09-11 12:00:19,412 - INFO - Initialized DataToVectorStoreProcessor with parameters: source_type=sql, chunk_size=750, chunk_overlap=150, model_name=nomic-embed-text, distance_strategy=MAX_INNER_PRODUCT, index_path=/home/tathiana/PycharmProjects/MyVecStore/data/sql_MAX_INNER_PRODUCT_index
2024-09-11 12:00:19,412 - INFO - Starting processing.
2024-09-11 12:00:19,412 - INFO - Loading documents from sql source.
2024-09-11 12:00:19,412 - INFO - Connecting to MySQL database.
2024-09-11 12:00:19,431 - INFO - Executing query.
2024-09-11 12:00:19,480 - INFO - Fetched 121 rows from the database.
2024-09-11 12:00:19,482 - INFO - MySQL connection closed.
2024-09-11 12:00:19,483 - INFO - Splitting text into chunks.
2024-09-11 12:00:19,500 - INFO - Creating vector store.
2024-09-11 12:02:34,064 - INFO - Saving vector store to /home/tathiana/PycharmProjects/MyVecStore/data/sql_MAX_INNER_PRODUCT_index
2024-09-11 12:02:34,068 - INFO - Processing completed in 134.66 seconds.
2024-09-11 12:08:06,801 - INFO - Initialized DataToVectorStoreProcessor with parameters: source_type=sql, chunk_size=750, chunk_overlap=150, model_name=nomic-embed-text, distance_strategy=MAX_INNER_PRODUCT, index_path=sql_MAX_INNER_PRODUCT_index
2024-09-11 12:08:06,801 - INFO - Starting processing.
2024-09-11 12:08:06,801 - INFO - Loading documents from sql source.
2024-09-11 12:08:06,801 - INFO - Connecting to MySQL database.
2024-09-11 12:08:06,819 - INFO - Executing query.
2024-09-11 12:08:06,859 - INFO - Fetched 121 rows from the database.
2024-09-11 12:08:06,861 - INFO - MySQL connection closed.
2024-09-11 12:08:06,861 - INFO - Splitting text into chunks.
2024-09-11 12:08:06,880 - INFO - Creating vector store.
2024-09-11 12:10:22,646 - INFO - Saving vector store to sql_MAX_INNER_PRODUCT_index
2024-09-11 12:10:22,650 - INFO - Processing completed in 135.85 seconds.
2024-09-17 10:55:22,351 - INFO - Initialized DataToVectorStoreProcessor with parameters: source_type=sql, chunk_size=400, chunk_overlap=100, model_name=nomic-embed-text, distance_strategy=MAX_INNER_PRODUCT, index_path=/home/tathiana/PycharmProjects/MyVecStore/data/sql_MAX_INNER_PRODUCT_index
2024-09-17 10:55:22,352 - INFO - Starting processing.
2024-09-17 10:55:22,352 - INFO - Loading documents from sql source.
2024-09-17 10:55:22,352 - INFO - Connecting to MySQL database.
2024-09-17 10:55:22,379 - INFO - Executing query.
2024-09-17 10:55:22,422 - INFO - Fetched 121 rows from the database.
2024-09-17 10:55:22,424 - INFO - MySQL connection closed.
2024-09-17 10:55:22,424 - INFO - Splitting text into chunks.
2024-09-17 10:55:22,449 - INFO - Creating vector store.
2024-09-17 10:58:06,753 - INFO - Saving vector store to /home/tathiana/PycharmProjects/MyVecStore/data/sql_MAX_INNER_PRODUCT_index
2024-09-17 10:58:06,760 - INFO - Processing completed in 164.41 seconds.
2024-09-17 11:39:35,931 - INFO - Initialized DataToVectorStoreProcessor with parameters: source_type=sql, chunk_size=400, chunk_overlap=100, model_name=nomic-embed-text, distance_strategy=inner_product, index_path=/home/tathiana/PycharmProjects/MyVecStore/data/sql_MAX_INNER_PRODUCT_index
2024-09-17 11:39:35,932 - INFO - Starting processing.
2024-09-17 11:39:35,932 - INFO - Loading documents from sql source.
2024-09-17 11:39:35,932 - INFO - Connecting to MySQL database.
2024-09-17 11:39:35,947 - INFO - Executing query.
2024-09-17 11:39:35,975 - INFO - Fetched 121 rows from the database.
2024-09-17 11:39:35,976 - INFO - MySQL connection closed.
2024-09-17 11:39:35,976 - INFO - Splitting text into chunks.
2024-09-17 11:39:36,001 - INFO - Creating vector store using FAISS.
2024-09-17 11:50:16,592 - INFO - Initialized DataToVectorStoreProcessor with parameters: source_type=sql, chunk_size=400, chunk_overlap=100, model_name=nomic-embed-text, distance_strategy=inner_product, index_path=/home/tathiana/PycharmProjects/MyVecStore/data/sql_MAX_INNER_PRODUCT_index
2024-09-17 11:50:16,592 - INFO - Starting processing.
2024-09-17 11:50:16,592 - INFO - Loading documents from sql source.
2024-09-17 11:50:16,592 - INFO - Connecting to MySQL database.
2024-09-17 11:50:16,607 - INFO - Executing query.
2024-09-17 11:50:16,656 - INFO - Fetched 121 rows from the database.
2024-09-17 11:50:16,657 - INFO - MySQL connection closed.
2024-09-17 11:50:16,658 - INFO - Splitting text into chunks.
2024-09-17 11:50:16,683 - INFO - Creating vector store using FAISS.
2024-09-17 11:50:51,350 - INFO - Initialized DataToVectorStoreProcessor with parameters: source_type=sql, chunk_size=400, chunk_overlap=100, model_name=nomic-embed-text, distance_strategy=inner_product, index_path=/home/tathiana/PycharmProjects/MyVecStore/data/sql_MAX_INNER_PRODUCT_index
2024-09-17 11:50:51,350 - INFO - Starting processing.
2024-09-17 11:50:51,350 - INFO - Loading documents from sql source.
2024-09-17 11:50:51,350 - INFO - Connecting to MySQL database.
2024-09-17 11:50:51,368 - INFO - Executing query.
2024-09-17 11:50:51,418 - INFO - Fetched 121 rows from the database.
2024-09-17 11:50:51,420 - INFO - MySQL connection closed.
2024-09-17 11:50:51,421 - INFO - Splitting text into chunks.
2024-09-17 11:50:51,455 - INFO - Creating vector store using FAISS.
2024-09-17 11:56:06,139 - INFO - Initialized DataToVectorStoreProcessor with parameters: source_type=sql, chunk_size=400, chunk_overlap=100, model_name=nomic-embed-text, distance_strategy=inner_product, index_path=/home/tathiana/PycharmProjects/MyVecStore/data/sql_MAX_INNER_PRODUCT_index
2024-09-17 11:56:06,139 - INFO - Starting processing.
2024-09-17 11:56:06,139 - INFO - Loading documents from sql source.
2024-09-17 11:56:06,139 - INFO - Connecting to MySQL database.
2024-09-17 11:56:06,156 - INFO - Executing query.
2024-09-17 11:56:06,205 - INFO - Fetched 121 rows from the database.
2024-09-17 11:56:06,206 - INFO - MySQL connection closed.
2024-09-17 11:56:06,207 - INFO - Splitting text into chunks.
2024-09-17 11:56:06,231 - INFO - Creating vector store using FAISS.
2024-09-17 11:58:54,359 - INFO - Saving vector store to /home/tathiana/PycharmProjects/MyVecStore/data/sql_MAX_INNER_PRODUCT_index
2024-09-17 11:58:54,362 - INFO - Processing completed in 168.22 seconds.
2024-09-17 12:01:19,550 - INFO - Initialized DataToVectorStoreProcessor with parameters: source_type=sql, chunk_size=400, chunk_overlap=100, model_name=nomic-embed-text, distance_strategy=inner_product, index_path=/home/tathiana/PycharmProjects/MyVecStore/data/f"{source_type}_{distance_strategy.name}_index"
2024-09-17 12:01:19,550 - INFO - Starting processing.
2024-09-17 12:01:19,550 - INFO - Loading documents from sql source.
2024-09-17 12:01:19,550 - INFO - Connecting to MySQL database.
2024-09-17 12:01:19,567 - INFO - Executing query.
2024-09-17 12:01:19,615 - INFO - Fetched 121 rows from the database.
2024-09-17 12:01:19,617 - INFO - MySQL connection closed.
2024-09-17 12:01:19,617 - INFO - Splitting text into chunks.
2024-09-17 12:01:19,642 - INFO - Creating vector store using FAISS.
2024-09-17 12:04:06,671 - INFO - Saving vector store to /home/tathiana/PycharmProjects/MyVecStore/data/f"{source_type}_{distance_strategy.name}_index"
2024-09-17 12:04:06,674 - INFO - Processing completed in 167.12 seconds.
2024-09-17 12:42:49,202 - INFO - Initialized DataToVectorStoreProcessor with parameters: source_type=sql, chunk_size=400, chunk_overlap=100, model_name=nomic-embed-text, distance_strategy=inner_product, index_path=/home/tathiana/PycharmProjects/MyVecStore/data/sql_inner_product_index
2024-09-17 12:42:49,202 - INFO - Starting processing.
2024-09-17 12:42:49,202 - INFO - Loading documents from sql source.
2024-09-17 12:42:49,202 - INFO - Connecting to MySQL database.
2024-09-17 12:42:49,218 - INFO - Executing query.
2024-09-17 12:42:49,268 - INFO - Fetched 121 rows from the database.
2024-09-17 12:42:49,270 - INFO - MySQL connection closed.
2024-09-17 12:42:49,270 - INFO - Splitting text into chunks.
2024-09-17 12:42:49,295 - INFO - Creating vector store using FAISS.
2024-09-17 12:45:37,629 - INFO - Saving vector store to /home/tathiana/PycharmProjects/MyVecStore/data/sql_inner_product_index
2024-09-17 12:45:37,632 - INFO - Processing completed in 168.43 seconds.
2024-09-17 13:25:03,715 - INFO - Initialized DataToVectorStoreProcessor with parameters: source_type=sql, chunk_size=400, chunk_overlap=100, model_name=nomic-embed-text, distance_strategy=inner_product, index_path=/home/tathiana/PycharmProjects/MyVecStore/data/sql_inner_product_index
2024-09-17 13:25:03,715 - INFO - Starting processing.
2024-09-17 13:25:03,715 - INFO - Loading documents from sql source.
2024-09-17 13:25:03,715 - INFO - Connecting to MySQL database.
2024-09-17 13:25:03,734 - INFO - Executing query.
2024-09-17 13:25:03,764 - INFO - Fetched 121 rows from the database.
2024-09-17 13:25:03,766 - INFO - MySQL connection closed.
2024-09-17 13:25:03,766 - INFO - Splitting text into chunks.
2024-09-17 13:25:03,791 - INFO - Creating vector store using FAISS.
2024-09-17 13:27:51,631 - INFO - Saving vector store to /home/tathiana/PycharmProjects/MyVecStore/data/sql_inner_product_index
2024-09-17 13:27:51,649 - INFO - Processing completed in 167.93 seconds.
2024-09-17 13:30:25,672 - INFO - Initialized DataToVectorStoreProcessor with parameters: source_type=sql, chunk_size=400, chunk_overlap=100, model_name=nomic-embed-text, distance_strategy=inner_product, index_path=/home/tathiana/PycharmProjects/MyVecStore/data/sql_inner_product
2024-09-17 13:30:25,672 - INFO - Starting processing.
2024-09-17 13:30:25,672 - INFO - Loading documents from sql source.
2024-09-17 13:30:25,672 - INFO - Connecting to MySQL database.
2024-09-17 13:30:25,688 - INFO - Executing query.
2024-09-17 13:30:25,714 - INFO - Fetched 121 rows from the database.
2024-09-17 13:30:25,716 - INFO - MySQL connection closed.
2024-09-17 13:30:25,716 - INFO - Splitting text into chunks.
2024-09-17 13:30:25,741 - INFO - Creating vector store using FAISS.
2024-09-17 13:33:11,661 - INFO - Saving vector store to /home/tathiana/PycharmProjects/MyVecStore/data/sql_inner_product
2024-09-17 13:33:11,664 - INFO - Processing completed in 165.99 seconds.
2024-09-17 14:49:46,107 - INFO - Initialized DataToVectorStoreProcessor with parameters: source_type=sql, chunk_size=400, chunk_overlap=100, model_name=nomic-embed-text, distance_strategy=l2, index_path=/home/tathiana/PycharmProjects/MyVecStore/data/sql_l2
2024-09-17 14:49:46,107 - INFO - Starting processing.
2024-09-17 14:49:46,107 - INFO - Loading documents from sql source.
2024-09-17 14:49:46,107 - INFO - Connecting to MySQL database.
2024-09-17 14:49:46,122 - INFO - Executing query.
2024-09-17 14:49:46,150 - INFO - Fetched 121 rows from the database.
2024-09-17 14:49:46,151 - INFO - MySQL connection closed.
2024-09-17 14:49:46,151 - INFO - Splitting text into chunks.
2024-09-17 14:49:46,176 - INFO - Creating vector store using FAISS.
2024-09-17 14:52:33,651 - INFO - Saving vector store to /home/tathiana/PycharmProjects/MyVecStore/data/sql_l2
2024-09-17 14:52:33,654 - INFO - Processing completed in 167.55 seconds.
2024-09-17 15:03:27,444 - INFO - Initialized DataToVectorStoreProcessor with parameters: source_type=sql, chunk_size=400, chunk_overlap=200, model_name=nomic-embed-text, distance_strategy=l2, index_path=/home/tathiana/PycharmProjects/MyVecStore/data/sql_l2
2024-09-17 15:03:27,445 - INFO - Starting processing.
2024-09-17 15:03:27,445 - INFO - Loading documents from sql source.
2024-09-17 15:03:27,445 - INFO - Connecting to MySQL database.
2024-09-17 15:03:27,460 - INFO - Executing query.
2024-09-17 15:03:27,487 - INFO - Fetched 121 rows from the database.
2024-09-17 15:03:27,489 - INFO - MySQL connection closed.
2024-09-17 15:03:27,489 - INFO - Splitting text into chunks.
2024-09-17 15:03:27,515 - INFO - Creating vector store using FAISS.
2024-09-17 15:07:02,319 - INFO - Saving vector store to /home/tathiana/PycharmProjects/MyVecStore/data/sql_l2
2024-09-17 15:07:02,328 - INFO - Processing completed in 214.88 seconds.
2024-09-17 20:59:53,713 - INFO - Initialized DataToVectorStoreProcessor with parameters: source_type=sql, chunk_size=300, chunk_overlap=100, model_name=nomic-embed-text, distance_strategy=l2, index_path=/home/tathiana/PycharmProjects/MyVecStore/data/sql_l2
2024-09-17 20:59:53,713 - INFO - Starting processing.
2024-09-17 20:59:53,713 - INFO - Loading documents from sql source.
2024-09-17 20:59:53,713 - INFO - Connecting to MySQL database.
2024-09-17 21:00:50,763 - INFO - Initialized DataToVectorStoreProcessor with parameters: source_type=sql, chunk_size=300, chunk_overlap=100, model_name=nomic-embed-text, distance_strategy=l2, index_path=/home/tathiana/PycharmProjects/MyVecStore/data/sql_l2
2024-09-17 21:00:50,763 - INFO - Starting processing.
2024-09-17 21:00:50,763 - INFO - Loading documents from sql source.
2024-09-17 21:00:50,763 - INFO - Connecting to MySQL database.
2024-09-17 21:00:50,805 - INFO - Executing query.
2024-09-17 21:00:50,852 - INFO - Fetched 121 rows from the database.
2024-09-17 21:00:50,855 - INFO - MySQL connection closed.
2024-09-17 21:00:50,855 - INFO - Splitting text into chunks.
2024-09-17 21:00:50,883 - INFO - Creating vector store using FAISS.
2024-09-17 21:04:40,705 - INFO - Saving vector store to /home/tathiana/PycharmProjects/MyVecStore/data/sql_l2
2024-09-17 21:04:40,714 - INFO - Processing completed in 229.95 seconds.
2024-09-17 21:26:03,023 - INFO - Initialized DataToVectorStoreProcessor with parameters: source_type=sql, chunk_size=300, chunk_overlap=100, model_name=nomic-embed-text, distance_strategy=l2, index_path=/home/tathiana/PycharmProjects/MyVecStore/data/sql_l2
2024-09-17 21:26:03,023 - INFO - Starting processing.
2024-09-17 21:26:03,023 - INFO - Loading documents from sql source.
2024-09-17 21:26:03,023 - INFO - Connecting to MySQL database.
2024-09-17 21:26:03,041 - INFO - Executing query.
2024-09-17 21:26:03,071 - INFO - Fetched 121 rows from the database.
2024-09-17 21:26:03,072 - INFO - MySQL connection closed.
2024-09-17 21:26:03,073 - INFO - Splitting text into chunks.
2024-09-17 21:26:03,101 - INFO - Creating vector store using FAISS.
2024-09-17 21:30:25,273 - INFO - Initialized DataToVectorStoreProcessor with parameters: source_type=sql, chunk_size=300, chunk_overlap=100, model_name=nomic-embed-text, distance_strategy=l2, index_path=/home/tathiana/PycharmProjects/MyVecStore/data/sql_l2
2024-09-17 21:30:25,273 - INFO - Starting processing.
2024-09-17 21:30:25,273 - INFO - Loading documents from sql source.
2024-09-17 21:30:25,273 - INFO - Connecting to MySQL database.
2024-09-17 21:30:25,291 - INFO - Executing query.
2024-09-17 21:30:25,344 - INFO - Fetched 121 rows from the database.
2024-09-17 21:30:25,346 - INFO - MySQL connection closed.
2024-09-17 21:30:25,346 - INFO - Splitting text into chunks.
2024-09-17 21:30:25,374 - INFO - Creating vector store using FAISS.
2024-09-17 21:34:13,400 - INFO - Saving vector store to /home/tathiana/PycharmProjects/MyVecStore/data/sql_l2
2024-09-17 21:34:13,411 - INFO - Processing completed in 228.14 seconds.
2024-09-19 13:56:28,804 - INFO - Initialized DataToVectorStoreProcessor with parameters: source_type=sql, chunk_size=600, chunk_overlap=100, model_name=nomic-embed-text, distance_strategy=l2, index_path=/home/tathiana/PycharmProjects/MyVecStore/data/sql_l2
2024-09-19 13:56:28,805 - INFO - Starting processing.
2024-09-19 13:56:28,805 - INFO - Loading documents from sql source.
2024-09-19 13:56:28,805 - INFO - Connecting to MySQL database.
2024-09-19 13:56:28,832 - INFO - Executing query.
2024-09-19 13:56:28,877 - INFO - Fetched 121 rows from the database.
2024-09-19 13:56:28,878 - INFO - MySQL connection closed.
2024-09-19 13:56:28,879 - INFO - Splitting text into chunks.
2024-09-19 13:56:28,899 - INFO - Creating vector store using FAISS.
2024-09-19 13:58:43,132 - INFO - Saving vector store to /home/tathiana/PycharmProjects/MyVecStore/data/sql_l2
2024-09-19 13:58:43,137 - INFO - Processing completed in 134.33 seconds.
2025-01-31 18:54:21,174 - INFO - Initialized DataToVectorStoreProcessor with parameters: source_type=json, chunk_size=600, chunk_overlap=100, model_name=nomic-embed-text, distance_strategy=l2, index_path=C:\Users\Tathiana\PycharmProjects\MyVecStore\data\json_l2
2025-01-31 18:54:26,520 - INFO - Loading documents from json source.
2025-01-31 18:54:47,377 - INFO - Loading documents from json source.
2025-01-31 18:54:57,277 - INFO - Loading documents from json source.
2025-01-31 18:56:51,250 - INFO - Initialized DataToVectorStoreProcessor with parameters: source_type=sql, chunk_size=600, chunk_overlap=100, model_name=nomic-embed-text, distance_strategy=l2, index_path=C:\Users\Tathiana\PycharmProjects\MyVecStore\data\sql_l2
2025-01-31 18:56:57,443 - INFO - Loading documents from sql source.
2025-01-31 18:56:57,443 - INFO - Connecting to MySQL database.
2025-01-31 18:56:57,470 - INFO - Executing query.
2025-01-31 18:56:57,505 - INFO - Fetched 121 rows from the database.
2025-01-31 18:56:57,505 - INFO - MySQL connection closed.
2025-01-31 19:29:14,552 - INFO - Initialized DataToVectorStoreProcessor with parameters: source_type=sql, chunk_size=600, chunk_overlap=100, model_name=nomic-embed-text, distance_strategy=l2, index_path=C:\Users\Tathiana\PycharmProjects\MyVecStore\data\sql_l2
2025-01-31 19:29:14,552 - INFO - Loading documents from sql source.
2025-01-31 19:29:14,552 - INFO - Connecting to MySQL database.
2025-01-31 19:29:14,568 - INFO - Executing query.
2025-01-31 19:29:14,595 - INFO - Fetched 121 rows from the database.
2025-01-31 19:29:14,595 - INFO - MySQL connection closed.
2025-02-03 09:59:05,053 - INFO - Initialized DataToVectorStoreProcessor with parameters: source_type=sql, chunk_size=600, chunk_overlap=100, model_name=nomic-embed-text, distance_strategy=l2, index_path=C:\Users\Tathiana\PycharmProjects\MyVecStore\data\sql_l2
2025-02-03 09:59:05,053 - INFO - Loading documents from sql source.
2025-02-03 09:59:05,053 - INFO - Connecting to MySQL database.
2025-02-03 10:00:15,915 - INFO - Initialized DataToVectorStoreProcessor with parameters: source_type=sql, chunk_size=600, chunk_overlap=100, model_name=nomic-embed-text, distance_strategy=l2, index_path=C:\Users\Tathiana\PycharmProjects\MyVecStore\data\sql_l2
2025-02-03 10:00:15,915 - INFO - Loading documents from sql source.
2025-02-03 10:00:15,915 - INFO - Connecting to MySQL database.
2025-02-03 10:00:15,938 - INFO - Executing query.
2025-02-03 10:00:16,041 - INFO - Fetched 121 rows from the database.
2025-02-03 10:00:16,042 - INFO - MySQL connection closed.
2025-02-03 10:03:02,777 - INFO - Initialized DataToVectorStoreProcessor with parameters: source_type=sql, chunk_size=600, chunk_overlap=100, model_name=nomic-embed-text, distance_strategy=l2, index_path=C:\Users\Tathiana\PycharmProjects\MyVecStore\data\sql_l2
2025-02-03 10:03:02,777 - INFO - Loading documents from sql source.
2025-02-03 10:03:02,777 - INFO - Connecting to MySQL database.
2025-02-03 10:03:02,794 - INFO - Executing query.
2025-02-03 10:03:02,809 - INFO - Fetched 121 rows from the database.
2025-02-03 10:03:02,809 - INFO - MySQL connection closed.
2025-02-03 10:04:42,276 - INFO - Initialized DataToVectorStoreProcessor with parameters: source_type=sql, chunk_size=600, chunk_overlap=100, model_name=nomic-embed-text, distance_strategy=l2, index_path=C:\Users\Tathiana\PycharmProjects\MyVecStore\data\sql_l2
2025-02-03 10:04:42,276 - INFO - Loading documents from sql source.
2025-02-03 10:04:42,276 - INFO - Connecting to MySQL database.
2025-02-03 10:04:42,291 - INFO - Executing query.
2025-02-03 10:04:42,367 - INFO - Fetched 121 rows from the database.
2025-02-03 10:04:42,368 - INFO - MySQL connection closed.
2025-02-03 10:05:00,467 - INFO - Initialized DataToVectorStoreProcessor with parameters: source_type=sql, chunk_size=600, chunk_overlap=100, model_name=nomic-embed-text, distance_strategy=l2, index_path=C:\Users\Tathiana\PycharmProjects\MyVecStore\data\sql_l2
2025-02-03 10:05:00,467 - INFO - Loading documents from sql source.
2025-02-03 10:05:00,467 - INFO - Connecting to MySQL database.
2025-02-03 10:05:00,482 - INFO - Executing query.
2025-02-03 10:05:00,558 - INFO - Fetched 121 rows from the database.
2025-02-03 10:05:00,559 - INFO - MySQL connection closed.
2025-02-03 10:05:46,770 - INFO - Initialized DataToVectorStoreProcessor with parameters: source_type=sql, chunk_size=600, chunk_overlap=100, model_name=nomic-embed-text, distance_strategy=l2, index_path=C:\Users\Tathiana\PycharmProjects\MyVecStore\data\sql_l2
2025-02-03 10:05:46,770 - INFO - Loading documents from sql source.
2025-02-03 10:05:46,770 - INFO - Connecting to MySQL database.
2025-02-03 10:05:46,786 - INFO - Executing query.
2025-02-03 10:05:46,814 - INFO - Fetched 121 rows from the database.
2025-02-03 10:05:46,817 - INFO - MySQL connection closed.
2025-02-03 10:10:37,428 - INFO - Initialized DataToVectorStoreProcessor with parameters: source_type=sql, chunk_size=600, chunk_overlap=100, model_name=nomic-embed-text, distance_strategy=l2, index_path=C:\Users\Tathiana\PycharmProjects\MyVecStore\data\sql_l2
2025-02-03 10:10:37,429 - INFO - Loading documents from sql source.
2025-02-03 10:10:37,429 - INFO - Connecting to MySQL database.
2025-02-03 10:10:37,443 - INFO - Executing query.
2025-02-03 10:10:37,521 - INFO - Fetched 121 rows from the database.
2025-02-03 10:10:37,522 - INFO - MySQL connection closed.
2025-02-03 10:11:03,315 - INFO - Initialized DataToVectorStoreProcessor with parameters: source_type=sql, chunk_size=600, chunk_overlap=100, model_name=nomic-embed-text, distance_strategy=l2, index_path=C:\Users\Tathiana\PycharmProjects\MyVecStore\data\sql_l2
2025-02-03 10:11:03,315 - INFO - Loading documents from sql source.
2025-02-03 10:11:03,315 - INFO - Connecting to MySQL database.
2025-02-03 10:11:03,329 - INFO - Executing query.
2025-02-03 10:11:03,407 - INFO - Fetched 121 rows from the database.
2025-02-03 10:11:03,408 - INFO - MySQL connection closed.
2025-02-03 10:11:26,228 - INFO - Initialized DataToVectorStoreProcessor with parameters: source_type=sql, chunk_size=600, chunk_overlap=100, model_name=nomic-embed-text, distance_strategy=l2, index_path=C:\Users\Tathiana\PycharmProjects\MyVecStore\data\sql_l2
2025-02-03 10:11:26,238 - INFO - Loading documents from sql source.
2025-02-03 10:11:26,238 - INFO - Connecting to MySQL database.
2025-02-03 10:11:26,254 - INFO - Executing query.
2025-02-03 10:11:26,274 - INFO - Fetched 121 rows from the database.
2025-02-03 10:11:26,274 - INFO - MySQL connection closed.
2025-02-03 10:13:32,509 - INFO - Initialized DataToVectorStoreProcessor with parameters: source_type=sql, chunk_size=600, chunk_overlap=100, model_name=nomic-embed-text, distance_strategy=l2, index_path=C:\Users\Tathiana\PycharmProjects\MyVecStore\data\sql_l2
2025-02-03 10:13:32,509 - INFO - Loading documents from sql source.
2025-02-03 10:13:32,509 - INFO - Connecting to MySQL database.
2025-02-03 10:13:32,525 - INFO - Executing query.
2025-02-03 10:13:32,544 - INFO - Fetched 121 rows from the database.
2025-02-03 10:13:32,544 - INFO - MySQL connection closed.
2025-02-03 10:14:57,887 - INFO - Initialized DataToVectorStoreProcessor with parameters: source_type=sql, chunk_size=600, chunk_overlap=100, model_name=nomic-embed-text, distance_strategy=l2, index_path=C:\Users\Tathiana\PycharmProjects\MyVecStore\data\sql_l2
2025-02-03 10:14:57,887 - INFO - Loading documents from sql source.
2025-02-03 10:14:57,887 - INFO - Connecting to MySQL database.
2025-02-03 10:14:57,903 - INFO - Executing query.
2025-02-03 10:14:57,933 - INFO - Fetched 121 rows from the database.
2025-02-03 10:14:57,933 - INFO - MySQL connection closed.
2025-02-03 10:18:48,562 - INFO - Initialized DataToVectorStoreProcessor with parameters: source_type=sql, chunk_size=600, chunk_overlap=100, model_name=nomic-embed-text, distance_strategy=l2, index_path=C:\Users\Tathiana\PycharmProjects\MyVecStore\data\sql_l2
2025-02-03 10:18:48,562 - INFO - Loading documents from sql source.
2025-02-03 10:18:48,562 - INFO - Connecting to MySQL database.
2025-02-03 10:18:48,577 - INFO - Executing query.
2025-02-03 10:18:48,656 - INFO - Fetched 121 rows from the database.
2025-02-03 10:18:48,657 - INFO - MySQL connection closed.
2025-02-03 10:19:30,717 - INFO - Initialized DataToVectorStoreProcessor with parameters: source_type=sql, chunk_size=600, chunk_overlap=100, model_name=nomic-embed-text, distance_strategy=l2, index_path=C:\Users\Tathiana\PycharmProjects\MyVecStore\data\sql_l2
2025-02-03 10:19:30,718 - INFO - Loading documents from sql source.
2025-02-03 10:19:30,718 - INFO - Connecting to MySQL database.
2025-02-03 10:19:30,733 - INFO - Executing query.
2025-02-03 10:19:30,813 - INFO - Fetched 121 rows from the database.
2025-02-03 10:19:30,814 - INFO - MySQL connection closed.
2025-02-03 10:31:48,906 - INFO - Initialized DataToVectorStoreProcessor with parameters: source_type=sql, chunk_size=600, chunk_overlap=100, model_name=nomic-embed-text, distance_strategy=l2, index_path=C:\Users\Tathiana\PycharmProjects\MyVecStore\data\sql_l2
2025-02-03 10:31:48,906 - INFO - Loading documents from sql source.
2025-02-03 10:31:48,906 - INFO - Connecting to MySQL database.
2025-02-03 10:31:48,922 - INFO - Executing query.
2025-02-03 10:31:48,944 - INFO - Fetched 121 rows from the database.
2025-02-03 10:31:48,944 - INFO - MySQL connection closed.
2025-02-03 10:34:31,293 - INFO - Initialized DataToVectorStoreProcessor with parameters: source_type=sql, chunk_size=600, chunk_overlap=100, model_name=nomic-embed-text, distance_strategy=l2, index_path=C:\Users\Tathiana\PycharmProjects\MyVecStore\data\sql_l2
2025-02-03 10:34:31,293 - INFO - Loading documents from sql source.
2025-02-03 10:34:31,293 - INFO - Connecting to MySQL database.
2025-02-03 10:34:31,309 - INFO - Executing query.
2025-02-03 10:34:31,326 - INFO - Fetched 121 rows from the database.
2025-02-03 10:34:31,326 - INFO - MySQL connection closed.
2025-02-03 10:59:03,166 - INFO - Initialized DataToVectorStoreProcessor with parameters: source_type=sql, chunk_size=600, chunk_overlap=100, model_name=nomic-embed-text, distance_strategy=l2, index_path=C:\Users\Tathiana\PycharmProjects\MyVecStore\data\sql_l2
2025-02-03 10:59:03,166 - INFO - Loading documents from sql source.
2025-02-03 10:59:03,166 - INFO - Connecting to MySQL database.
2025-02-03 10:59:03,181 - INFO - Executing query.
2025-02-03 10:59:03,203 - INFO - Fetched 121 rows from the database.
2025-02-03 10:59:03,204 - INFO - MySQL connection closed.
2025-02-03 11:00:06,371 - INFO - Initialized DataToVectorStoreProcessor with parameters: source_type=sql, chunk_size=600, chunk_overlap=100, model_name=nomic-embed-text, distance_strategy=l2, index_path=C:\Users\Tathiana\PycharmProjects\MyVecStore\data\sql_l2
2025-02-03 11:00:06,372 - INFO - Starting processing.
2025-02-03 11:00:06,372 - INFO - Loading documents from sql source.
2025-02-03 11:00:06,372 - INFO - Connecting to MySQL database.
2025-02-03 11:00:06,432 - INFO - Executing query.
2025-02-03 11:00:06,454 - INFO - Fetched 121 rows from the database.
2025-02-03 11:00:06,455 - INFO - MySQL connection closed.
2025-02-03 11:00:06,455 - INFO - Splitting text into chunks.
2025-02-03 11:00:06,480 - INFO - Creating vector store using FAISS.
2025-02-04 09:29:29,024 - INFO - Initialized DataToVectorStoreProcessor with parameters: source_type=sql, chunk_size=600, chunk_overlap=100, model_name=nomic-embed-text, distance_strategy=l2, index_path=C:\Users\Tathiana\PycharmProjects\MyVecStore\data\sql_l2
2025-02-04 09:29:29,024 - INFO - Starting processing.
2025-02-04 09:29:29,024 - INFO - Loading documents from sql source.
2025-02-04 09:29:29,024 - INFO - Connecting to MySQL database.
2025-02-04 09:29:29,059 - INFO - Executing query.
2025-02-04 09:29:29,104 - INFO - Fetched 121 rows from the database.
2025-02-04 09:29:29,108 - INFO - MySQL connection closed.
2025-02-04 09:29:35,078 - INFO - Splitting text into chunks.
2025-02-04 09:29:52,320 - INFO - Creating vector store using FAISS.
2025-02-04 09:31:42,184 - INFO - Creating vector store using FAISS.
2025-02-04 09:32:33,307 - INFO - Creating vector store using FAISS.
2025-02-04 09:32:59,649 - INFO - Splitting text into chunks.
2025-02-04 09:32:59,722 - INFO - Creating vector store using FAISS.
2025-02-04 09:33:17,734 - INFO - Initialized DataToVectorStoreProcessor with parameters: source_type=sql, chunk_size=600, chunk_overlap=100, model_name=nomic-embed-text, distance_strategy=l2, index_path=C:\Users\Tathiana\PycharmProjects\MyVecStore\data\sql_l2
2025-02-04 09:33:17,734 - INFO - Starting processing.
2025-02-04 09:33:17,734 - INFO - Loading documents from sql source.
2025-02-04 09:33:17,734 - INFO - Connecting to MySQL database.
2025-02-04 09:33:17,750 - INFO - Executing query.
2025-02-04 09:33:17,771 - INFO - Fetched 121 rows from the database.
2025-02-04 09:33:17,771 - INFO - MySQL connection closed.
2025-02-04 09:33:30,558 - INFO - Creating vector store using FAISS.
2025-02-04 09:34:35,413 - INFO - Creating vector store using FAISS.
2025-02-04 09:34:51,566 - INFO - Initialized DataToVectorStoreProcessor with parameters: source_type=sql, chunk_size=600, chunk_overlap=100, model_name=nomic-embed-text, distance_strategy=l2, index_path=C:\Users\Tathiana\PycharmProjects\MyVecStore\data\sql_l2
2025-02-04 09:34:51,566 - INFO - Starting processing.
2025-02-04 09:34:51,566 - INFO - Loading documents from sql source.
2025-02-04 09:34:51,566 - INFO - Connecting to MySQL database.
2025-02-04 09:34:51,583 - INFO - Executing query.
2025-02-04 09:34:51,605 - INFO - Fetched 121 rows from the database.
2025-02-04 09:34:51,605 - INFO - MySQL connection closed.
2025-02-04 09:34:51,605 - INFO - Creating vector store using FAISS.
2025-02-04 09:46:43,936 - INFO - Initialized DataToVectorStoreProcessor with parameters: source_type=sql, chunk_size=600, chunk_overlap=100, model_name=nomic-embed-text, distance_strategy=inner_product, index_path=C:\Users\Tathiana\PycharmProjects\MyVecStore\data\sql_inner_product
2025-02-04 09:46:43,937 - INFO - Starting processing.
2025-02-04 09:46:43,937 - INFO - Loading documents from sql source.
2025-02-04 09:46:43,937 - INFO - Connecting to MySQL database.
2025-02-04 09:46:44,028 - INFO - Executing query.
2025-02-04 09:46:44,051 - INFO - Fetched 121 rows from the database.
2025-02-04 09:46:44,051 - INFO - MySQL connection closed.
2025-02-04 09:46:44,052 - INFO - Creating vector store using FAISS.
2025-02-04 12:51:55,848 - INFO - Initialized DataToVectorStoreProcessor with parameters: source_type=sql, chunk_size=600, chunk_overlap=100, model_name=nomic-embed-text, distance_strategy=inner_product, index_path=/app/data/sql_inner_product
2025-02-04 12:51:55,849 - INFO - Starting processing.
2025-02-04 12:51:55,849 - INFO - Loading documents from sql source.
2025-02-04 12:51:55,849 - INFO - Connecting to MySQL database.
2025-02-04 12:54:27,722 - INFO - Initialized DataToVectorStoreProcessor with parameters: source_type=sql, chunk_size=600, chunk_overlap=100, model_name=nomic-embed-text, distance_strategy=inner_product, index_path=/app/data/sql_inner_product
2025-02-04 12:54:27,722 - INFO - Starting processing.
2025-02-04 12:54:27,722 - INFO - Loading documents from sql source.
2025-02-04 12:54:27,722 - INFO - Connecting to MySQL database.
2025-02-04 13:09:40,790 - INFO - Initialized DataToVectorStoreProcessor with parameters: source_type=sql, chunk_size=600, chunk_overlap=100, model_name=nomic-embed-text, distance_strategy=inner_product, index_path=/app/data/sql_inner_product
2025-02-04 13:09:40,790 - INFO - Starting processing.
2025-02-04 13:09:40,790 - INFO - Loading documents from sql source.
2025-02-04 13:09:40,790 - INFO - Connecting to MySQL database.
2025-02-04 13:15:20,819 - INFO - Initialized DataToVectorStoreProcessor with parameters: source_type=sql, chunk_size=600, chunk_overlap=100, model_name=nomic-embed-text, distance_strategy=inner_product, index_path=/app/data/sql_inner_product
2025-02-04 13:15:20,819 - INFO - Starting processing.
2025-02-04 13:15:20,819 - INFO - Loading documents from sql source.
2025-02-04 13:15:20,819 - INFO - Connecting to MySQL database.
2025-02-04 13:16:45,211 - INFO - Initialized DataToVectorStoreProcessor with parameters: source_type=sql, chunk_size=600, chunk_overlap=100, model_name=nomic-embed-text, distance_strategy=inner_product, index_path=/app/data/sql_inner_product
2025-02-04 13:16:45,212 - INFO - Starting processing.
2025-02-04 13:16:45,212 - INFO - Loading documents from sql source.
2025-02-04 13:16:45,212 - INFO - Connecting to MySQL database.
2025-02-04 13:21:32,291 - INFO - Initialized DataToVectorStoreProcessor with parameters: source_type=sql, chunk_size=600, chunk_overlap=100, model_name=nomic-embed-text, distance_strategy=inner_product, index_path=/app/data/sql_inner_product
2025-02-04 13:21:32,292 - INFO - Starting processing.
2025-02-04 13:21:32,292 - INFO - Loading documents from sql source.
2025-02-04 13:21:32,292 - INFO - Connecting to MySQL database.
2025-02-04 13:26:14,312 - INFO - Initialized DataToVectorStoreProcessor with parameters: source_type=sql, chunk_size=600, chunk_overlap=100, model_name=nomic-embed-text, distance_strategy=inner_product, index_path=/app/data/sql_inner_product
2025-02-04 13:26:14,313 - INFO - Starting processing.
2025-02-04 13:26:14,313 - INFO - Loading documents from sql source.
2025-02-04 13:26:14,313 - INFO - Connecting to MySQL database.
2025-02-04 13:27:30,657 - INFO - Initialized DataToVectorStoreProcessor with parameters: source_type=sql, chunk_size=600, chunk_overlap=100, model_name=nomic-embed-text, distance_strategy=inner_product, index_path=/app/data/sql_inner_product
2025-02-04 13:27:30,657 - INFO - Starting processing.
2025-02-04 13:27:30,657 - INFO - Loading documents from sql source.
2025-02-04 13:27:30,657 - INFO - Connecting to MySQL database.
2025-02-04 13:28:20,664 - INFO - Initialized DataToVectorStoreProcessor with parameters: source_type=sql, chunk_size=600, chunk_overlap=100, model_name=nomic-embed-text, distance_strategy=inner_product, index_path=/app/data/sql_inner_product
2025-02-04 13:28:20,665 - INFO - Starting processing.
2025-02-04 13:28:20,665 - INFO - Loading documents from sql source.
2025-02-04 13:28:20,665 - INFO - Connecting to MySQL database.
2025-02-04 13:33:57,402 - INFO - Initialized DataToVectorStoreProcessor with parameters: source_type=sql, chunk_size=600, chunk_overlap=100, model_name=nomic-embed-text, distance_strategy=inner_product, index_path=/app/data/sql_inner_product
2025-02-04 13:33:57,403 - INFO - Starting processing.
2025-02-04 13:33:57,403 - INFO - Loading documents from sql source.
2025-02-04 13:33:57,403 - INFO - Connecting to MySQL database.
2025-02-04 13:34:17,695 - INFO - Initialized DataToVectorStoreProcessor with parameters: source_type=sql, chunk_size=600, chunk_overlap=100, model_name=nomic-embed-text, distance_strategy=inner_product, index_path=/app/data/sql_inner_product
2025-02-04 13:34:17,695 - INFO - Starting processing.
2025-02-04 13:34:17,695 - INFO - Loading documents from sql source.
2025-02-04 13:34:17,696 - INFO - Connecting to MySQL database.
2025-02-04 13:34:49,054 - INFO - Initialized DataToVectorStoreProcessor with parameters: source_type=sql, chunk_size=600, chunk_overlap=100, model_name=nomic-embed-text, distance_strategy=inner_product, index_path=/app/data/sql_inner_product
2025-02-04 13:34:49,054 - INFO - Starting processing.
2025-02-04 13:34:49,055 - INFO - Loading documents from sql source.
2025-02-04 13:34:49,055 - INFO - Connecting to MySQL database.
2025-02-04 13:36:24,757 - INFO - Initialized DataToVectorStoreProcessor with parameters: source_type=sql, chunk_size=600, chunk_overlap=100, model_name=nomic-embed-text, distance_strategy=inner_product, index_path=/app/data/sql_inner_product
2025-02-04 13:36:24,757 - INFO - Starting processing.
2025-02-04 13:36:24,758 - INFO - Loading documents from sql source.
2025-02-04 13:36:24,758 - INFO - Connecting to MySQL database.
2025-02-04 13:37:25,278 - INFO - Initialized DataToVectorStoreProcessor with parameters: source_type=sql, chunk_size=600, chunk_overlap=100, model_name=nomic-embed-text, distance_strategy=inner_product, index_path=/app/data/sql_inner_product
2025-02-04 13:37:25,278 - INFO - Starting processing.
2025-02-04 13:37:25,278 - INFO - Loading documents from sql source.
2025-02-04 13:37:25,278 - INFO - Connecting to MySQL database.
2025-02-04 13:38:12,039 - INFO - Initialized DataToVectorStoreProcessor with parameters: source_type=sql, chunk_size=600, chunk_overlap=100, model_name=nomic-embed-text, distance_strategy=inner_product, index_path=/app/data/sql_inner_product
2025-02-04 13:38:12,040 - INFO - Starting processing.
2025-02-04 13:38:12,040 - INFO - Loading documents from sql source.
2025-02-04 13:38:12,040 - INFO - Connecting to MySQL database.
2025-02-04 13:38:33,568 - INFO - Initialized DataToVectorStoreProcessor with parameters: source_type=sql, chunk_size=600, chunk_overlap=100, model_name=nomic-embed-text, distance_strategy=inner_product, index_path=/app/data/sql_inner_product
2025-02-04 13:38:33,568 - INFO - Starting processing.
2025-02-04 13:38:33,568 - INFO - Loading documents from sql source.
2025-02-04 13:38:33,568 - INFO - Connecting to MySQL database.
2025-02-04 13:38:45,833 - INFO - Initialized DataToVectorStoreProcessor with parameters: source_type=sql, chunk_size=600, chunk_overlap=100, model_name=nomic-embed-text, distance_strategy=inner_product, index_path=/app/data/sql_inner_product
2025-02-04 13:38:45,833 - INFO - Starting processing.
2025-02-04 13:38:45,833 - INFO - Loading documents from sql source.
2025-02-04 13:38:45,833 - INFO - Connecting to MySQL database.
2025-02-04 13:38:56,833 - INFO - Initialized DataToVectorStoreProcessor with parameters: source_type=sql, chunk_size=600, chunk_overlap=100, model_name=nomic-embed-text, distance_strategy=inner_product, index_path=/app/data/sql_inner_product
2025-02-04 13:38:56,834 - INFO - Starting processing.
2025-02-04 13:38:56,834 - INFO - Loading documents from sql source.
2025-02-04 13:38:56,834 - INFO - Connecting to MySQL database.
2025-02-04 13:41:39,510 - INFO - Initialized DataToVectorStoreProcessor with parameters: source_type=sql, chunk_size=600, chunk_overlap=100, model_name=nomic-embed-text, distance_strategy=inner_product, index_path=/app/data/sql_inner_product
2025-02-04 13:41:39,510 - INFO - Starting processing.
2025-02-04 13:41:39,511 - INFO - Loading documents from sql source.
2025-02-04 13:41:39,511 - INFO - Connecting to MySQL database.
2025-02-04 13:42:02,262 - INFO - Initialized DataToVectorStoreProcessor with parameters: source_type=sql, chunk_size=600, chunk_overlap=100, model_name=nomic-embed-text, distance_strategy=inner_product, index_path=/app/data/sql_inner_product
2025-02-04 13:42:02,262 - INFO - Starting processing.
2025-02-04 13:42:02,262 - INFO - Loading documents from sql source.
2025-02-04 13:42:02,262 - INFO - Connecting to MySQL database.
2025-02-04 13:42:54,908 - INFO - Initialized DataToVectorStoreProcessor with parameters: source_type=sql, chunk_size=600, chunk_overlap=100, model_name=nomic-embed-text, distance_strategy=inner_product, index_path=/app/data/sql_inner_product
2025-02-04 13:42:54,908 - INFO - Starting processing.
2025-02-04 13:42:54,908 - INFO - Loading documents from sql source.
2025-02-04 13:42:54,908 - INFO - Connecting to MySQL database.
2025-02-04 13:43:55,455 - INFO - Initialized DataToVectorStoreProcessor with parameters: source_type=sql, chunk_size=600, chunk_overlap=100, model_name=nomic-embed-text, distance_strategy=inner_product, index_path=/app/data/sql_inner_product
2025-02-04 13:43:55,455 - INFO - Starting processing.
2025-02-04 13:43:55,456 - INFO - Loading documents from sql source.
2025-02-04 13:43:55,456 - INFO - Connecting to MySQL database.
2025-02-04 13:45:38,653 - INFO - Initialized DataToVectorStoreProcessor with parameters: source_type=sql, chunk_size=600, chunk_overlap=100, model_name=nomic-embed-text, distance_strategy=inner_product, index_path=/app/data/sql_inner_product
2025-02-04 13:45:38,653 - INFO - Starting processing.
2025-02-04 13:45:38,653 - INFO - Loading documents from sql source.
2025-02-04 13:45:38,653 - INFO - Connecting to MySQL database.
2025-02-04 13:46:19,035 - INFO - Initialized DataToVectorStoreProcessor with parameters: source_type=sql, chunk_size=600, chunk_overlap=100, model_name=nomic-embed-text, distance_strategy=inner_product, index_path=/app/data/sql_inner_product
2025-02-04 13:46:19,035 - INFO - Starting processing.
2025-02-04 13:46:19,035 - INFO - Loading documents from sql source.
2025-02-04 13:46:19,036 - INFO - Connecting to MySQL database.
2025-02-04 13:47:42,692 - INFO - Initialized DataToVectorStoreProcessor with parameters: source_type=sql, chunk_size=600, chunk_overlap=100, model_name=nomic-embed-text, distance_strategy=inner_product, index_path=/app/data/sql_inner_product
2025-02-04 13:47:42,693 - INFO - Starting processing.
2025-02-04 13:47:42,693 - INFO - Loading documents from sql source.
2025-02-04 13:47:42,693 - INFO - Connecting to MySQL database.
2025-02-04 13:49:32,054 - INFO - Initialized DataToVectorStoreProcessor with parameters: source_type=sql, chunk_size=600, chunk_overlap=100, model_name=nomic-embed-text, distance_strategy=inner_product, index_path=/app/data/sql_inner_product
2025-02-04 13:49:32,055 - INFO - Starting processing.
2025-02-04 13:49:32,055 - INFO - Loading documents from sql source.
2025-02-04 13:49:32,055 - INFO - Connecting to MySQL database.
2025-02-04 13:51:56,264 - INFO - Initialized DataToVectorStoreProcessor with parameters: source_type=sql, chunk_size=600, chunk_overlap=100, model_name=nomic-embed-text, distance_strategy=inner_product, index_path=/app/data/sql_inner_product
2025-02-04 13:51:56,265 - INFO - Starting processing.
2025-02-04 13:51:56,265 - INFO - Loading documents from sql source.
2025-02-04 13:51:56,265 - INFO - Connecting to MySQL database.
2025-02-04 14:01:05,409 - INFO - Initialized DataToVectorStoreProcessor with parameters: source_type=sql, chunk_size=600, chunk_overlap=100, model_name=nomic-embed-text, distance_strategy=inner_product, index_path=/app/data/sql_inner_product
2025-02-04 14:01:05,410 - INFO - Starting processing.
2025-02-04 14:01:05,410 - INFO - Loading documents from sql source.
2025-02-04 14:01:05,410 - INFO - Connecting to MySQL database.
2025-02-04 14:01:20,413 - INFO - Initialized DataToVectorStoreProcessor with parameters: source_type=sql, chunk_size=600, chunk_overlap=100, model_name=nomic-embed-text, distance_strategy=inner_product, index_path=/app/data/sql_inner_product
2025-02-04 14:01:20,414 - INFO - Starting processing.
2025-02-04 14:01:20,414 - INFO - Loading documents from sql source.
2025-02-04 14:01:20,414 - INFO - Connecting to MySQL database.
2025-02-04 15:01:34,589 - INFO - Initialized DataToVectorStoreProcessor with parameters: source_type=sql, chunk_size=600, chunk_overlap=100, model_name=nomic-embed-text, distance_strategy=inner_product, index_path=/app/data/sql_inner_product
2025-02-04 15:01:34,590 - INFO - Starting processing.
2025-02-04 15:01:34,591 - INFO - Loading documents from sql source.
2025-02-04 15:01:34,591 - INFO - Connecting to MySQL database.
2025-02-04 12:02:04,852 - INFO - Initialized DataToVectorStoreProcessor with parameters: source_type=sql, chunk_size=600, chunk_overlap=100, model_name=nomic-embed-text, distance_strategy=inner_product, index_path=C:\Users\Tathiana\PycharmProjects\MyVecStore\data\sql_inner_product
2025-02-04 12:02:04,853 - INFO - Starting processing.
2025-02-04 12:02:04,853 - INFO - Loading documents from sql source.
2025-02-04 12:02:04,853 - INFO - Connecting to MySQL database.
2025-02-04 12:02:04,973 - INFO - Executing query.
2025-02-04 12:02:04,997 - INFO - Fetched 121 rows from the database.
2025-02-04 12:02:04,998 - INFO - MySQL connection closed.
2025-02-04 12:02:04,999 - INFO - Creating vector store using FAISS.
2025-02-04 15:03:53,017 - INFO - Initialized DataToVectorStoreProcessor with parameters: source_type=sql, chunk_size=600, chunk_overlap=100, model_name=nomic-embed-text, distance_strategy=inner_product, index_path=/app/data/sql_inner_product
2025-02-04 15:03:53,017 - INFO - Starting processing.
2025-02-04 15:03:53,017 - INFO - Loading documents from sql source.
2025-02-04 15:03:53,018 - INFO - Connecting to MySQL database.
2025-02-04 15:04:39,621 - INFO - Initialized DataToVectorStoreProcessor with parameters: source_type=sql, chunk_size=600, chunk_overlap=100, model_name=nomic-embed-text, distance_strategy=inner_product, index_path=/app/data/sql_inner_product
2025-02-04 15:04:39,621 - INFO - Starting processing.
2025-02-04 15:04:39,622 - INFO - Loading documents from sql source.
2025-02-04 15:04:39,622 - INFO - Connecting to MySQL database.
2025-02-04 15:04:39,646 - INFO - Executing query.
2025-02-04 15:04:39,668 - INFO - Fetched 121 rows from the database.
2025-02-04 15:04:39,670 - INFO - MySQL connection closed.
2025-02-04 15:04:39,671 - INFO - Creating vector store using FAISS.
2025-02-04 15:06:02,438 - INFO - Saving vector store to /app/data/sql_inner_product
2025-02-04 15:06:02,442 - INFO - Processing completed in 82.82 seconds.
2025-02-04 19:33:45,057 - INFO - Initialized DataToVectorStoreProcessor with parameters: source_type=sql, chunk_size=600, chunk_overlap=100, model_name=nomic-embed-text, distance_strategy=l2, index_path=/app/data/sql_l2
2025-02-04 19:33:45,057 - INFO - Starting processing.
2025-02-04 19:33:45,057 - INFO - Loading documents from sql source.
2025-02-04 19:33:45,058 - INFO - Connecting to MySQL database.
2025-02-04 19:33:45,088 - INFO - Executing query.
2025-02-04 19:33:45,111 - INFO - Fetched 121 rows from the database.
2025-02-04 19:33:45,113 - INFO - MySQL connection closed.
2025-02-04 19:33:45,114 - INFO - Creating vector store using FAISS.
2025-02-04 19:35:14,931 - INFO - Saving vector store to /app/data/sql_l2
2025-02-04 19:35:14,937 - INFO - Processing completed in 89.88 seconds.
